Arguments: 
  /usr/local/bin/node /Users/alexshapiro/.yarn/bin/yarn.js add react-materialize-css

PATH: 
  /Users/alexshapiro/.yarn/bin:/Users/alexshapiro/.config/yarn/global/node_modules/.bin:~/.npm-global/bin:/Users/alexshapiro/.rbenv/shims:/Applications/Postgres.app/Contents/Versions/10/bin:/Users/alexshapiro/.rbenv/shims:/Applications/Postgres.app/Contents/Versions/9.6/bin:/usr/local/bin:/usr/bin:/bin:/usr/sbin:/sbin

Yarn version: 
  1.5.1

Node version: 
  9.5.0

Platform: 
  darwin x64

npm manifest: 
  {
    "name": "create-repack-app",
    "version": "1.0.0",
    "scripts": {
      "build": "cd client && npm install --only=dev && npm install && npm run build && cd ..",
      "deploy": "cp -a client/build/. public/",
      "heroku-postbuild": "npm run build && npm run deploy && echo 'Client Built'"
    },
    "keywords": [],
    "author": "",
    "license": "ISC"
  }

yarn manifest: 
  No manifest

Lockfile: 
  No lockfile

Trace: 
  Error: Couldn't find package "react-materialize-css" on the "npm" registry.
      at new MessageError (/Users/alexshapiro/.yarn/lib/cli.js:186:110)
      at NpmResolver.<anonymous> (/Users/alexshapiro/.yarn/lib/cli.js:51625:15)
      at Generator.next (<anonymous>)
      at step (/Users/alexshapiro/.yarn/lib/cli.js:98:30)
      at /Users/alexshapiro/.yarn/lib/cli.js:109:13
      at <anonymous>
      at process._tickCallback (internal/process/next_tick.js:160:7)
